Start testing: Jan 02 17:05 PST
----------------------------------------------------------
1/3 Testing: BigNumberTest.mult
1/3 Test: BigNumberTest.mult
Command: "/Users/bartell/SS/week2/Practice/build/hello_test" "--gtest_filter=BigNumberTest.mult" "--gtest_also_run_disabled_tests"
Directory: /Users/bartell/SS/week2/Practice/build
"BigNumberTest.mult" start time: Jan 02 17:05 PST
Output:
----------------------------------------------------------
Running main() from /Users/bartell/SS/week2/Practice/build/_deps/googletest-src/googletest/src/gtest_main.cc
Note: Google Test filter = BigNumberTest.mult
[==========] Running 1 test from 1 test suite.
[----------] Global test environment set-up.
[----------] 1 test from BigNumberTest
[ RUN      ] BigNumberTest.mult
[       OK ] BigNumberTest.mult (0 ms)
[----------] 1 test from BigNumberTest (0 ms total)

[----------] Global test environment tear-down
[==========] 1 test from 1 test suite ran. (0 ms total)
[  PASSED  ] 1 test.
<end of output>
Test time =   0.01 sec
----------------------------------------------------------
Test Passed.
"BigNumberTest.mult" end time: Jan 02 17:05 PST
"BigNumberTest.mult" time elapsed: 00:00:00
----------------------------------------------------------

2/3 Testing: BigNumberTest.overflow
2/3 Test: BigNumberTest.overflow
Command: "/Users/bartell/SS/week2/Practice/build/hello_test" "--gtest_filter=BigNumberTest.overflow" "--gtest_also_run_disabled_tests"
Directory: /Users/bartell/SS/week2/Practice/build
"BigNumberTest.overflow" start time: Jan 02 17:05 PST
Output:
----------------------------------------------------------
Running main() from /Users/bartell/SS/week2/Practice/build/_deps/googletest-src/googletest/src/gtest_main.cc
Note: Google Test filter = BigNumberTest.overflow
[==========] Running 1 test from 1 test suite.
[----------] Global test environment set-up.
[----------] 1 test from BigNumberTest
[ RUN      ] BigNumberTest.overflow
[       OK ] BigNumberTest.overflow (0 ms)
[----------] 1 test from BigNumberTest (0 ms total)

[----------] Global test environment tear-down
[==========] 1 test from 1 test suite ran. (0 ms total)
[  PASSED  ] 1 test.
<end of output>
Test time =   0.01 sec
----------------------------------------------------------
Test Passed.
"BigNumberTest.overflow" end time: Jan 02 17:05 PST
"BigNumberTest.overflow" time elapsed: 00:00:00
----------------------------------------------------------

3/3 Testing: CalandarTest.cal
3/3 Test: CalandarTest.cal
Command: "/Users/bartell/SS/week2/Practice/build/hello_test" "--gtest_filter=CalandarTest.cal" "--gtest_also_run_disabled_tests"
Directory: /Users/bartell/SS/week2/Practice/build
"CalandarTest.cal" start time: Jan 02 17:05 PST
Output:
----------------------------------------------------------
Running main() from /Users/bartell/SS/week2/Practice/build/_deps/googletest-src/googletest/src/gtest_main.cc
Note: Google Test filter = CalandarTest.cal
[==========] Running 1 test from 1 test suite.
[----------] Global test environment set-up.
[----------] 1 test from CalandarTest
[ RUN      ] CalandarTest.cal
[       OK ] CalandarTest.cal (1 ms)
[----------] 1 test from CalandarTest (1 ms total)

[----------] Global test environment tear-down
[==========] 1 test from 1 test suite ran. (1 ms total)
[  PASSED  ] 1 test.
<end of output>
Test time =   0.01 sec
----------------------------------------------------------
Test Passed.
"CalandarTest.cal" end time: Jan 02 17:05 PST
"CalandarTest.cal" time elapsed: 00:00:00
----------------------------------------------------------

End testing: Jan 02 17:05 PST
